<?xml version="1.0" encoding="UTF-8"?>
<testng-results skipped="0" failed="5" ignored="6" total="26" passed="15">
  <reporter-output>
  </reporter-output>
  <suite name="Suite" duration-ms="94967" started-at="2022-01-27T17:15:22Z" finished-at="2022-01-27T17:16:57Z">
    <groups>
    </groups>
    <test name="Test" duration-ms="94967" started-at="2022-01-27T17:15:22Z" finished-at="2022-01-27T17:16:57Z">
      <class name="com.buffalocart.scripts.ForgotPasswordTestCase">
        <test-method status="PASS" signature="setUpBrowser(java.lang.String)[pri:0, instance:com.buffalocart.scripts.ForgotPasswordTestCase@167fdd33]" name="setUpBrowser" is-config="true" duration-ms="22730" started-at="2022-01-27T09:15:22Z" finished-at="2022-01-27T09:15:45Z">
          <params>
            <param index="0">
              <value>
                <![CDATA[chrome]]>
              </value>
            </param>
          </params>
          <reporter-output>
          </reporter-output>
        </test-method> <!-- setUpBrowser -->
        <test-method status="PASS" signature="forgotPasswordTestCase()[pri:0, instance:com.buffalocart.scripts.ForgotPasswordTestCase@167fdd33]" name="forgotPasswordTestCase" duration-ms="1876" started-at="2022-01-27T09:15:45Z" finished-at="2022-01-27T09:15:46Z">
          <reporter-output>
          </reporter-output>
        </test-method> <!-- forgotPasswordTestCase -->
      </class> <!-- com.buffalocart.scripts.ForgotPasswordTestCase -->
      <class name="com.buffalocart.scripts.DashBoardTestCase">
        <test-method status="FAIL" signature="clockINTestCase()[pri:0, instance:com.buffalocart.scripts.DashBoardTestCase@4d95d2a2]" name="clockINTestCase" duration-ms="4090" started-at="2022-01-27T09:16:05Z" finished-at="2022-01-27T09:16:09Z">
          <exception class="org.openqa.selenium.NoSuchElementException">
            <message>
              <![CDATA[no such element: Unable to locate element: {"method":"xpath","selector":"//a[text()=' Clock In']"}
  (Session info: chrome=97.0.4692.71)
For documentation on this error, please visit: https://selenium.dev/exceptions/#no_such_element
Build info: version: '4.1.0', revision: '87802e897b'
System info: host: 'DESKTOP-69RSGN8', ip: '192.168.43.195', os.name: 'Windows 10', os.arch: 'amd64', os.version: '10.0', java.version: '1.8.0_261'
Driver info: org.openqa.selenium.chrome.ChromeDriver
Command: [27d2accbb1ed416040ecaf47be8a54d9, findElement {using=xpath, value=//a[text()=' Clock In']}]
Capabilities {acceptInsecureCerts: false, browserName: chrome, browserVersion: 97.0.4692.71, chrome: {chromedriverVersion: 96.0.4664.45 (76e4c1bb2ab46..., userDataDir: C:\Users\SIVAGA~1\AppData\L...}, goog:chromeOptions: {debuggerAddress: localhost:57021}, javascriptEnabled: true, networkConnectionEnabled: false, pageLoadStrategy: normal, platform: WINDOWS, platformName: WINDOWS, proxy: Proxy(), se:cdp: ws://localhost:57021/devtoo..., se:cdpVersion: 97.0.4692.71, setWindowRect: true, strictFileInteractability: false, timeouts: {implicit: 0, pageLoad: 300000, script: 30000}, unhandledPromptBehavior: dismiss and notify, webauthn:extension:credBlob: true, webauthn:extension:largeBlob: true, webauthn:virtualAuthenticators: true}
Session ID: 27d2accbb1ed416040ecaf47be8a54d9]]>
            </message>
            <full-stacktrace>
              <![CDATA[org.openqa.selenium.NoSuchElementException: no such element: Unable to locate element: {"method":"xpath","selector":"//a[text()=' Clock In']"}
  (Session info: chrome=97.0.4692.71)
For documentation on this error, please visit: https://selenium.dev/exceptions/#no_such_element
Build info: version: '4.1.0', revision: '87802e897b'
System info: host: 'DESKTOP-69RSGN8', ip: '192.168.43.195', os.name: 'Windows 10', os.arch: 'amd64', os.version: '10.0', java.version: '1.8.0_261'
Driver info: org.openqa.selenium.chrome.ChromeDriver
Command: [27d2accbb1ed416040ecaf47be8a54d9, findElement {using=xpath, value=//a[text()=' Clock In']}]
Capabilities {acceptInsecureCerts: false, browserName: chrome, browserVersion: 97.0.4692.71, chrome: {chromedriverVersion: 96.0.4664.45 (76e4c1bb2ab46..., userDataDir: C:\Users\SIVAGA~1\AppData\L...}, goog:chromeOptions: {debuggerAddress: localhost:57021}, javascriptEnabled: true, networkConnectionEnabled: false, pageLoadStrategy: normal, platform: WINDOWS, platformName: WINDOWS, proxy: Proxy(), se:cdp: ws://localhost:57021/devtoo..., se:cdpVersion: 97.0.4692.71, setWindowRect: true, strictFileInteractability: false, timeouts: {implicit: 0, pageLoad: 300000, script: 30000}, unhandledPromptBehavior: dismiss and notify, webauthn:extension:credBlob: true, webauthn:extension:largeBlob: true, webauthn:virtualAuthenticators: true}
Session ID: 27d2accbb1ed416040ecaf47be8a54d9
	at sun.reflect.NativeConstructorAccessorImpl.newInstance0(Native Method)
	at sun.reflect.NativeConstructorAccessorImpl.newInstance(Unknown Source)
	at sun.reflect.DelegatingConstructorAccessorImpl.newInstance(Unknown Source)
	at java.lang.reflect.Constructor.newInstance(Unknown Source)
	at org.openqa.selenium.remote.codec.w3c.W3CHttpResponseCodec.createException(W3CHttpResponseCodec.java:200)
	at org.openqa.selenium.remote.codec.w3c.W3CHttpResponseCodec.decode(W3CHttpResponseCodec.java:133)
	at org.openqa.selenium.remote.codec.w3c.W3CHttpResponseCodec.decode(W3CHttpResponseCodec.java:53)
	at org.openqa.selenium.remote.HttpCommandExecutor.execute(HttpCommandExecutor.java:184)
	at org.openqa.selenium.remote.service.DriverCommandExecutor.invokeExecute(DriverCommandExecutor.java:167)
	at org.openqa.selenium.remote.service.DriverCommandExecutor.execute(DriverCommandExecutor.java:142)
	at org.openqa.selenium.remote.RemoteWebDriver.execute(RemoteWebDriver.java:543)
	at org.openqa.selenium.remote.ElementLocation$ElementFinder$2.findElement(ElementLocation.java:162)
	at org.openqa.selenium.remote.ElementLocation.findElement(ElementLocation.java:60)
	at org.openqa.selenium.remote.RemoteWebDriver.findElement(RemoteWebDriver.java:367)
	at org.openqa.selenium.remote.RemoteWebDriver.findElement(RemoteWebDriver.java:359)
	at org.openqa.selenium.support.pagefactory.DefaultElementLocator.findElement(DefaultElementLocator.java:70)
	at org.openqa.selenium.support.pagefactory.internal.LocatingElementHandler.invoke(LocatingElementHandler.java:39)
	at com.sun.proxy.$Proxy14.isDisplayed(Unknown Source)
	at com.buffalocart.utility.PageUtilities.displayed(PageUtilities.java:44)
	at com.buffalocart.pages.DashBoardPage.clockIN(DashBoardPage.java:55)
	at com.buffalocart.scripts.DashBoardTestCase.clockINTestCase(DashBoardTestCase.java:17)
	at sun.reflect.NativeMethodAccessorImpl.invoke0(Native Method)
	at sun.reflect.NativeMethodAccessorImpl.invoke(Unknown Source)
	at sun.reflect.DelegatingMethodAccessorImpl.invoke(Unknown Source)
	at java.lang.reflect.Method.invoke(Unknown Source)
	at org.testng.internal.MethodInvocationHelper.invokeMethod(MethodInvocationHelper.java:104)
	at org.testng.internal.Invoker.invokeMethod(Invoker.java:645)
	at org.testng.internal.Invoker.invokeTestMethod(Invoker.java:851)
	at org.testng.internal.Invoker.invokeTestMethods(Invoker.java:1177)
	at org.testng.internal.TestMethodWorker.invokeTestMethods(TestMethodWorker.java:129)
	at org.testng.internal.TestMethodWorker.run(TestMethodWorker.java:112)
	at org.testng.TestRunner.privateRun(TestRunner.java:756)
	at org.testng.TestRunner.run(TestRunner.java:610)
	at org.testng.SuiteRunner.runTest(SuiteRunner.java:387)
	at org.testng.SuiteRunner.runSequentially(SuiteRunner.java:382)
	at org.testng.SuiteRunner.privateRun(SuiteRunner.java:340)
	at org.testng.SuiteRunner.run(SuiteRunner.java:289)
	at org.testng.SuiteRunnerWorker.runSuite(SuiteRunnerWorker.java:52)
	at org.testng.SuiteRunnerWorker.run(SuiteRunnerWorker.java:86)
	at org.testng.TestNG.runSuitesSequentially(TestNG.java:1293)
	at org.testng.TestNG.runSuitesLocally(TestNG.java:1218)
	at org.testng.TestNG.runSuites(TestNG.java:1133)
	at org.testng.TestNG.run(TestNG.java:1104)
	at org.testng.remote.AbstractRemoteTestNG.run(AbstractRemoteTestNG.java:132)
	at org.testng.remote.RemoteTestNG.initAndRun(RemoteTestNG.java:236)
	at org.testng.remote.RemoteTestNG.main(RemoteTestNG.java:81)
]]>
            </full-stacktrace>
          </exception> <!-- org.openqa.selenium.NoSuchElementException -->
          <reporter-output>
          </reporter-output>
        </test-method> <!-- clockINTestCase -->
        <test-method status="PASS" signature="openEventTestCase()[pri:0, instance:com.buffalocart.scripts.DashBoardTestCase@4d95d2a2]" name="openEventTestCase" duration-ms="4095" started-at="2022-01-27T09:16:09Z" finished-at="2022-01-27T09:16:13Z">
          <reporter-output>
          </reporter-output>
        </test-method> <!-- openEventTestCase -->
        <test-method status="PASS" signature="openTasksTestCase()[pri:0, instance:com.buffalocart.scripts.DashBoardTestCase@4d95d2a2]" name="openTasksTestCase" duration-ms="2846" started-at="2022-01-27T09:16:13Z" finished-at="2022-01-27T09:16:16Z">
          <reporter-output>
          </reporter-output>
        </test-method> <!-- openTasksTestCase -->
        <test-method status="PASS" signature="openTeamsTimelineTestCase()[pri:0, instance:com.buffalocart.scripts.DashBoardTestCase@4d95d2a2]" name="openTeamsTimelineTestCase" duration-ms="3644" started-at="2022-01-27T09:16:16Z" finished-at="2022-01-27T09:16:19Z">
          <reporter-output>
          </reporter-output>
        </test-method> <!-- openTeamsTimelineTestCase -->
      </class> <!-- com.buffalocart.scripts.DashBoardTestCase -->
      <class name="com.buffalocart.scripts.ClientTestCase">
        <test-method status="PASS" signature="goToClientTestCase()[pri:0, instance:com.buffalocart.scripts.ClientTestCase@1786dec2]" name="goToClientTestCase" duration-ms="6432" started-at="2022-01-27T09:16:42Z" finished-at="2022-01-27T09:16:48Z">
          <reporter-output>
          </reporter-output>
        </test-method> <!-- goToClientTestCase -->
        <test-method status="PASS" signature="goToContactsTestCase()[pri:0, instance:com.buffalocart.scripts.ClientTestCase@1786dec2]" name="goToContactsTestCase" duration-ms="4412" started-at="2022-01-27T09:16:48Z" finished-at="2022-01-27T09:16:52Z">
          <reporter-output>
          </reporter-output>
        </test-method> <!-- goToContactsTestCase -->
        <test-method status="FAIL" signature="addClientAndContacts()[pri:0, instance:com.buffalocart.scripts.ClientTestCase@1786dec2]" name="addClientAndContacts" duration-ms="94" started-at="2022-01-27T09:16:52Z" finished-at="2022-01-27T09:16:53Z">
          <exception class="java.lang.NullPointerException">
            <full-stacktrace>
              <![CDATA[java.lang.NullPointerException
	at com.buffalocart.utility.DataRead.getLastColumn(DataRead.java:51)
	at com.buffalocart.utility.ExcelUtility.readExcel(ExcelUtility.java:28)
	at com.buffalocart.scripts.ClientTestCase.addClientAndContacts(ClientTestCase.java:37)
	at sun.reflect.NativeMethodAccessorImpl.invoke0(Native Method)
	at sun.reflect.NativeMethodAccessorImpl.invoke(Unknown Source)
	at sun.reflect.DelegatingMethodAccessorImpl.invoke(Unknown Source)
	at java.lang.reflect.Method.invoke(Unknown Source)
	at org.testng.internal.MethodInvocationHelper.invokeMethod(MethodInvocationHelper.java:104)
	at org.testng.internal.Invoker.invokeMethod(Invoker.java:645)
	at org.testng.internal.Invoker.invokeTestMethod(Invoker.java:851)
	at org.testng.internal.Invoker.invokeTestMethods(Invoker.java:1177)
	at org.testng.internal.TestMethodWorker.invokeTestMethods(TestMethodWorker.java:129)
	at org.testng.internal.TestMethodWorker.run(TestMethodWorker.java:112)
	at org.testng.TestRunner.privateRun(TestRunner.java:756)
	at org.testng.TestRunner.run(TestRunner.java:610)
	at org.testng.SuiteRunner.runTest(SuiteRunner.java:387)
	at org.testng.SuiteRunner.runSequentially(SuiteRunner.java:382)
	at org.testng.SuiteRunner.privateRun(SuiteRunner.java:340)
	at org.testng.SuiteRunner.run(SuiteRunner.java:289)
	at org.testng.SuiteRunnerWorker.runSuite(SuiteRunnerWorker.java:52)
	at org.testng.SuiteRunnerWorker.run(SuiteRunnerWorker.java:86)
	at org.testng.TestNG.runSuitesSequentially(TestNG.java:1293)
	at org.testng.TestNG.runSuitesLocally(TestNG.java:1218)
	at org.testng.TestNG.runSuites(TestNG.java:1133)
	at org.testng.TestNG.run(TestNG.java:1104)
	at org.testng.remote.AbstractRemoteTestNG.run(AbstractRemoteTestNG.java:132)
	at org.testng.remote.RemoteTestNG.initAndRun(RemoteTestNG.java:236)
	at org.testng.remote.RemoteTestNG.main(RemoteTestNG.java:81)
]]>
            </full-stacktrace>
          </exception> <!-- java.lang.NullPointerException -->
          <reporter-output>
          </reporter-output>
        </test-method> <!-- addClientAndContacts -->
        <test-method status="PASS" signature="downloadExcelContractsTestCase()[pri:0, instance:com.buffalocart.scripts.ClientTestCase@1786dec2]" name="downloadExcelContractsTestCase" duration-ms="1290" started-at="2022-01-27T09:16:53Z" finished-at="2022-01-27T09:16:54Z">
          <reporter-output>
          </reporter-output>
        </test-method> <!-- downloadExcelContractsTestCase -->
      </class> <!-- com.buffalocart.scripts.ClientTestCase -->
      <class name="com.buffalocart.scripts.TaskTestCase">
        <test-method status="FAIL" signature="verifyTask()[pri:0, instance:com.buffalocart.scripts.TaskTestCase@3b088d51]" name="verifyTask" duration-ms="1119" started-at="2022-01-27T09:16:40Z" finished-at="2022-01-27T09:16:42Z">
          <exception class="org.openqa.selenium.ElementClickInterceptedException">
            <message>
              <![CDATA[element click intercepted: Element <a href="http://buffalocart.com/demo/crm/index.php/projects/all_tasks">...</a> is not clickable at point (125, 273). Other element would receive the click: <div id="select2-drop-mask" class="select2-drop-mask" style=""></div>
  (Session info: chrome=97.0.4692.71)
Build info: version: '4.1.0', revision: '87802e897b'
System info: host: 'DESKTOP-69RSGN8', ip: '192.168.43.195', os.name: 'Windows 10', os.arch: 'amd64', os.version: '10.0', java.version: '1.8.0_261'
Driver info: org.openqa.selenium.chrome.ChromeDriver
Command: [27d2accbb1ed416040ecaf47be8a54d9, clickElement {id=54d9c60c-f6e3-4d19-95b6-61427c888b59}]
Capabilities {acceptInsecureCerts: false, browserName: chrome, browserVersion: 97.0.4692.71, chrome: {chromedriverVersion: 96.0.4664.45 (76e4c1bb2ab46..., userDataDir: C:\Users\SIVAGA~1\AppData\L...}, goog:chromeOptions: {debuggerAddress: localhost:57021}, javascriptEnabled: true, networkConnectionEnabled: false, pageLoadStrategy: normal, platform: WINDOWS, platformName: WINDOWS, proxy: Proxy(), se:cdp: ws://localhost:57021/devtoo..., se:cdpVersion: 97.0.4692.71, setWindowRect: true, strictFileInteractability: false, timeouts: {implicit: 0, pageLoad: 300000, script: 30000}, unhandledPromptBehavior: dismiss and notify, webauthn:extension:credBlob: true, webauthn:extension:largeBlob: true, webauthn:virtualAuthenticators: true}
Element: [[ChromeDriver: chrome on WINDOWS (27d2accbb1ed416040ecaf47be8a54d9)] -> xpath: //a[@href='http://buffalocart.com/demo/crm/index.php/projects/all_tasks']]
Session ID: 27d2accbb1ed416040ecaf47be8a54d9]]>
            </message>
            <full-stacktrace>
              <![CDATA[org.openqa.selenium.ElementClickInterceptedException: element click intercepted: Element <a href="http://buffalocart.com/demo/crm/index.php/projects/all_tasks">...</a> is not clickable at point (125, 273). Other element would receive the click: <div id="select2-drop-mask" class="select2-drop-mask" style=""></div>
  (Session info: chrome=97.0.4692.71)
Build info: version: '4.1.0', revision: '87802e897b'
System info: host: 'DESKTOP-69RSGN8', ip: '192.168.43.195', os.name: 'Windows 10', os.arch: 'amd64', os.version: '10.0', java.version: '1.8.0_261'
Driver info: org.openqa.selenium.chrome.ChromeDriver
Command: [27d2accbb1ed416040ecaf47be8a54d9, clickElement {id=54d9c60c-f6e3-4d19-95b6-61427c888b59}]
Capabilities {acceptInsecureCerts: false, browserName: chrome, browserVersion: 97.0.4692.71, chrome: {chromedriverVersion: 96.0.4664.45 (76e4c1bb2ab46..., userDataDir: C:\Users\SIVAGA~1\AppData\L...}, goog:chromeOptions: {debuggerAddress: localhost:57021}, javascriptEnabled: true, networkConnectionEnabled: false, pageLoadStrategy: normal, platform: WINDOWS, platformName: WINDOWS, proxy: Proxy(), se:cdp: ws://localhost:57021/devtoo..., se:cdpVersion: 97.0.4692.71, setWindowRect: true, strictFileInteractability: false, timeouts: {implicit: 0, pageLoad: 300000, script: 30000}, unhandledPromptBehavior: dismiss and notify, webauthn:extension:credBlob: true, webauthn:extension:largeBlob: true, webauthn:virtualAuthenticators: true}
Element: [[ChromeDriver: chrome on WINDOWS (27d2accbb1ed416040ecaf47be8a54d9)] -> xpath: //a[@href='http://buffalocart.com/demo/crm/index.php/projects/all_tasks']]
Session ID: 27d2accbb1ed416040ecaf47be8a54d9
	at sun.reflect.NativeConstructorAccessorImpl.newInstance0(Native Method)
	at sun.reflect.NativeConstructorAccessorImpl.newInstance(Unknown Source)
	at sun.reflect.DelegatingConstructorAccessorImpl.newInstance(Unknown Source)
	at java.lang.reflect.Constructor.newInstance(Unknown Source)
	at org.openqa.selenium.remote.codec.w3c.W3CHttpResponseCodec.createException(W3CHttpResponseCodec.java:200)
	at org.openqa.selenium.remote.codec.w3c.W3CHttpResponseCodec.decode(W3CHttpResponseCodec.java:133)
	at org.openqa.selenium.remote.codec.w3c.W3CHttpResponseCodec.decode(W3CHttpResponseCodec.java:53)
	at org.openqa.selenium.remote.HttpCommandExecutor.execute(HttpCommandExecutor.java:184)
	at org.openqa.selenium.remote.service.DriverCommandExecutor.invokeExecute(DriverCommandExecutor.java:167)
	at org.openqa.selenium.remote.service.DriverCommandExecutor.execute(DriverCommandExecutor.java:142)
	at org.openqa.selenium.remote.RemoteWebDriver.execute(RemoteWebDriver.java:543)
	at org.openqa.selenium.remote.RemoteWebElement.execute(RemoteWebElement.java:251)
	at org.openqa.selenium.remote.RemoteWebElement.click(RemoteWebElement.java:77)
	at sun.reflect.NativeMethodAccessorImpl.invoke0(Native Method)
	at sun.reflect.NativeMethodAccessorImpl.invoke(Unknown Source)
	at sun.reflect.DelegatingMethodAccessorImpl.invoke(Unknown Source)
	at java.lang.reflect.Method.invoke(Unknown Source)
	at org.openqa.selenium.support.pagefactory.internal.LocatingElementHandler.invoke(LocatingElementHandler.java:52)
	at com.sun.proxy.$Proxy14.click(Unknown Source)
	at com.buffalocart.pages.TaskPage.clickTask(TaskPage.java:22)
	at com.buffalocart.scripts.TaskTestCase.verifyTask(TaskTestCase.java:12)
	at sun.reflect.NativeMethodAccessorImpl.invoke0(Native Method)
	at sun.reflect.NativeMethodAccessorImpl.invoke(Unknown Source)
	at sun.reflect.DelegatingMethodAccessorImpl.invoke(Unknown Source)
	at java.lang.reflect.Method.invoke(Unknown Source)
	at org.testng.internal.MethodInvocationHelper.invokeMethod(MethodInvocationHelper.java:104)
	at org.testng.internal.Invoker.invokeMethod(Invoker.java:645)
	at org.testng.internal.Invoker.invokeTestMethod(Invoker.java:851)
	at org.testng.internal.Invoker.invokeTestMethods(Invoker.java:1177)
	at org.testng.internal.TestMethodWorker.invokeTestMethods(TestMethodWorker.java:129)
	at org.testng.internal.TestMethodWorker.run(TestMethodWorker.java:112)
	at org.testng.TestRunner.privateRun(TestRunner.java:756)
	at org.testng.TestRunner.run(TestRunner.java:610)
	at org.testng.SuiteRunner.runTest(SuiteRunner.java:387)
	at org.testng.SuiteRunner.runSequentially(SuiteRunner.java:382)
	at org.testng.SuiteRunner.privateRun(SuiteRunner.java:340)
	at org.testng.SuiteRunner.run(SuiteRunner.java:289)
	at org.testng.SuiteRunnerWorker.runSuite(SuiteRunnerWorker.java:52)
	at org.testng.SuiteRunnerWorker.run(SuiteRunnerWorker.java:86)
	at org.testng.TestNG.runSuitesSequentially(TestNG.java:1293)
	at org.testng.TestNG.runSuitesLocally(TestNG.java:1218)
	at org.testng.TestNG.runSuites(TestNG.java:1133)
	at org.testng.TestNG.run(TestNG.java:1104)
	at org.testng.remote.AbstractRemoteTestNG.run(AbstractRemoteTestNG.java:132)
	at org.testng.remote.RemoteTestNG.initAndRun(RemoteTestNG.java:236)
	at org.testng.remote.RemoteTestNG.main(RemoteTestNG.java:81)
]]>
            </full-stacktrace>
          </exception> <!-- org.openqa.selenium.ElementClickInterceptedException -->
          <reporter-output>
          </reporter-output>
        </test-method> <!-- verifyTask -->
      </class> <!-- com.buffalocart.scripts.TaskTestCase -->
      <class name="com.buffalocart.scripts.LogInTestClass">
        <test-method status="FAIL" signature="logInTestCase()[pri:0, instance:com.buffalocart.scripts.LogInTestClass@1e965684]" name="logInTestCase" duration-ms="18106" started-at="2022-01-27T09:15:46Z" finished-at="2022-01-27T09:16:05Z">
          <exception class="org.openqa.selenium.NoSuchElementException">
            <message>
              <![CDATA[no such element: Unable to locate element: {"method":"xpath","selector":"//div[@role='alert']"}
  (Session info: chrome=97.0.4692.71)
For documentation on this error, please visit: https://selenium.dev/exceptions/#no_such_element
Build info: version: '4.1.0', revision: '87802e897b'
System info: host: 'DESKTOP-69RSGN8', ip: '192.168.43.195', os.name: 'Windows 10', os.arch: 'amd64', os.version: '10.0', java.version: '1.8.0_261'
Driver info: org.openqa.selenium.chrome.ChromeDriver
Command: [27d2accbb1ed416040ecaf47be8a54d9, findElement {using=xpath, value=//div[@role='alert']}]
Capabilities {acceptInsecureCerts: false, browserName: chrome, browserVersion: 97.0.4692.71, chrome: {chromedriverVersion: 96.0.4664.45 (76e4c1bb2ab46..., userDataDir: C:\Users\SIVAGA~1\AppData\L...}, goog:chromeOptions: {debuggerAddress: localhost:57021}, javascriptEnabled: true, networkConnectionEnabled: false, pageLoadStrategy: normal, platform: WINDOWS, platformName: WINDOWS, proxy: Proxy(), se:cdp: ws://localhost:57021/devtoo..., se:cdpVersion: 97.0.4692.71, setWindowRect: true, strictFileInteractability: false, timeouts: {implicit: 0, pageLoad: 300000, script: 30000}, unhandledPromptBehavior: dismiss and notify, webauthn:extension:credBlob: true, webauthn:extension:largeBlob: true, webauthn:virtualAuthenticators: true}
Session ID: 27d2accbb1ed416040ecaf47be8a54d9]]>
            </message>
            <full-stacktrace>
              <![CDATA[org.openqa.selenium.NoSuchElementException: no such element: Unable to locate element: {"method":"xpath","selector":"//div[@role='alert']"}
  (Session info: chrome=97.0.4692.71)
For documentation on this error, please visit: https://selenium.dev/exceptions/#no_such_element
Build info: version: '4.1.0', revision: '87802e897b'
System info: host: 'DESKTOP-69RSGN8', ip: '192.168.43.195', os.name: 'Windows 10', os.arch: 'amd64', os.version: '10.0', java.version: '1.8.0_261'
Driver info: org.openqa.selenium.chrome.ChromeDriver
Command: [27d2accbb1ed416040ecaf47be8a54d9, findElement {using=xpath, value=//div[@role='alert']}]
Capabilities {acceptInsecureCerts: false, browserName: chrome, browserVersion: 97.0.4692.71, chrome: {chromedriverVersion: 96.0.4664.45 (76e4c1bb2ab46..., userDataDir: C:\Users\SIVAGA~1\AppData\L...}, goog:chromeOptions: {debuggerAddress: localhost:57021}, javascriptEnabled: true, networkConnectionEnabled: false, pageLoadStrategy: normal, platform: WINDOWS, platformName: WINDOWS, proxy: Proxy(), se:cdp: ws://localhost:57021/devtoo..., se:cdpVersion: 97.0.4692.71, setWindowRect: true, strictFileInteractability: false, timeouts: {implicit: 0, pageLoad: 300000, script: 30000}, unhandledPromptBehavior: dismiss and notify, webauthn:extension:credBlob: true, webauthn:extension:largeBlob: true, webauthn:virtualAuthenticators: true}
Session ID: 27d2accbb1ed416040ecaf47be8a54d9
	at sun.reflect.NativeConstructorAccessorImpl.newInstance0(Native Method)
	at sun.reflect.NativeConstructorAccessorImpl.newInstance(Unknown Source)
	at sun.reflect.DelegatingConstructorAccessorImpl.newInstance(Unknown Source)
	at java.lang.reflect.Constructor.newInstance(Unknown Source)
	at org.openqa.selenium.remote.codec.w3c.W3CHttpResponseCodec.createException(W3CHttpResponseCodec.java:200)
	at org.openqa.selenium.remote.codec.w3c.W3CHttpResponseCodec.decode(W3CHttpResponseCodec.java:133)
	at org.openqa.selenium.remote.codec.w3c.W3CHttpResponseCodec.decode(W3CHttpResponseCodec.java:53)
	at org.openqa.selenium.remote.HttpCommandExecutor.execute(HttpCommandExecutor.java:184)
	at org.openqa.selenium.remote.service.DriverCommandExecutor.invokeExecute(DriverCommandExecutor.java:167)
	at org.openqa.selenium.remote.service.DriverCommandExecutor.execute(DriverCommandExecutor.java:142)
	at org.openqa.selenium.remote.RemoteWebDriver.execute(RemoteWebDriver.java:543)
	at org.openqa.selenium.remote.ElementLocation$ElementFinder$2.findElement(ElementLocation.java:162)
	at org.openqa.selenium.remote.ElementLocation.findElement(ElementLocation.java:60)
	at org.openqa.selenium.remote.RemoteWebDriver.findElement(RemoteWebDriver.java:367)
	at org.openqa.selenium.remote.RemoteWebDriver.findElement(RemoteWebDriver.java:359)
	at org.openqa.selenium.support.pagefactory.DefaultElementLocator.findElement(DefaultElementLocator.java:70)
	at org.openqa.selenium.support.pagefactory.internal.LocatingElementHandler.invoke(LocatingElementHandler.java:39)
	at com.sun.proxy.$Proxy14.isDisplayed(Unknown Source)
	at com.buffalocart.pages.Login.logIn(Login.java:51)
	at com.buffalocart.scripts.LogInTestClass.logInTestCase(LogInTestClass.java:51)
	at sun.reflect.NativeMethodAccessorImpl.invoke0(Native Method)
	at sun.reflect.NativeMethodAccessorImpl.invoke(Unknown Source)
	at sun.reflect.DelegatingMethodAccessorImpl.invoke(Unknown Source)
	at java.lang.reflect.Method.invoke(Unknown Source)
	at org.testng.internal.MethodInvocationHelper.invokeMethod(MethodInvocationHelper.java:104)
	at org.testng.internal.Invoker.invokeMethod(Invoker.java:645)
	at org.testng.internal.Invoker.invokeTestMethod(Invoker.java:851)
	at org.testng.internal.Invoker.invokeTestMethods(Invoker.java:1177)
	at org.testng.internal.TestMethodWorker.invokeTestMethods(TestMethodWorker.java:129)
	at org.testng.internal.TestMethodWorker.run(TestMethodWorker.java:112)
	at org.testng.TestRunner.privateRun(TestRunner.java:756)
	at org.testng.TestRunner.run(TestRunner.java:610)
	at org.testng.SuiteRunner.runTest(SuiteRunner.java:387)
	at org.testng.SuiteRunner.runSequentially(SuiteRunner.java:382)
	at org.testng.SuiteRunner.privateRun(SuiteRunner.java:340)
	at org.testng.SuiteRunner.run(SuiteRunner.java:289)
	at org.testng.SuiteRunnerWorker.runSuite(SuiteRunnerWorker.java:52)
	at org.testng.SuiteRunnerWorker.run(SuiteRunnerWorker.java:86)
	at org.testng.TestNG.runSuitesSequentially(TestNG.java:1293)
	at org.testng.TestNG.runSuitesLocally(TestNG.java:1218)
	at org.testng.TestNG.runSuites(TestNG.java:1133)
	at org.testng.TestNG.run(TestNG.java:1104)
	at org.testng.remote.AbstractRemoteTestNG.run(AbstractRemoteTestNG.java:132)
	at org.testng.remote.RemoteTestNG.initAndRun(RemoteTestNG.java:236)
	at org.testng.remote.RemoteTestNG.main(RemoteTestNG.java:81)
]]>
            </full-stacktrace>
          </exception> <!-- org.openqa.selenium.NoSuchElementException -->
          <reporter-output>
          </reporter-output>
        </test-method> <!-- logInTestCase -->
      </class> <!-- com.buffalocart.scripts.LogInTestClass -->
      <class name="com.buffalocart.scripts.EventTestCase">
        <test-method status="FAIL" signature="addEventTestCase()[pri:0, instance:com.buffalocart.scripts.EventTestCase@53f65459]" name="addEventTestCase" duration-ms="20317" started-at="2022-01-27T09:16:19Z" finished-at="2022-01-27T09:16:40Z">
          <exception class="org.openqa.selenium.NoSuchElementException">
            <message>
              <![CDATA[no such element: Unable to locate element: {"method":"xpath","selector":"//div[@class='select2-drop select2-display-none select2-with-searchbox select2-drop-active select2-drop-above']//parent::div//child::input"}
  (Session info: chrome=97.0.4692.71)
For documentation on this error, please visit: https://selenium.dev/exceptions/#no_such_element
Build info: version: '4.1.0', revision: '87802e897b'
System info: host: 'DESKTOP-69RSGN8', ip: '192.168.43.195', os.name: 'Windows 10', os.arch: 'amd64', os.version: '10.0', java.version: '1.8.0_261'
Driver info: org.openqa.selenium.chrome.ChromeDriver
Command: [27d2accbb1ed416040ecaf47be8a54d9, findElement {using=xpath, value=//div[@class='select2-drop select2-display-none select2-with-searchbox select2-drop-active select2-drop-above']//parent::div//child::input}]
Capabilities {acceptInsecureCerts: false, browserName: chrome, browserVersion: 97.0.4692.71, chrome: {chromedriverVersion: 96.0.4664.45 (76e4c1bb2ab46..., userDataDir: C:\Users\SIVAGA~1\AppData\L...}, goog:chromeOptions: {debuggerAddress: localhost:57021}, javascriptEnabled: true, networkConnectionEnabled: false, pageLoadStrategy: normal, platform: WINDOWS, platformName: WINDOWS, proxy: Proxy(), se:cdp: ws://localhost:57021/devtoo..., se:cdpVersion: 97.0.4692.71, setWindowRect: true, strictFileInteractability: false, timeouts: {implicit: 0, pageLoad: 300000, script: 30000}, unhandledPromptBehavior: dismiss and notify, webauthn:extension:credBlob: true, webauthn:extension:largeBlob: true, webauthn:virtualAuthenticators: true}
Session ID: 27d2accbb1ed416040ecaf47be8a54d9]]>
            </message>
            <full-stacktrace>
              <![CDATA[org.openqa.selenium.NoSuchElementException: no such element: Unable to locate element: {"method":"xpath","selector":"//div[@class='select2-drop select2-display-none select2-with-searchbox select2-drop-active select2-drop-above']//parent::div//child::input"}
  (Session info: chrome=97.0.4692.71)
For documentation on this error, please visit: https://selenium.dev/exceptions/#no_such_element
Build info: version: '4.1.0', revision: '87802e897b'
System info: host: 'DESKTOP-69RSGN8', ip: '192.168.43.195', os.name: 'Windows 10', os.arch: 'amd64', os.version: '10.0', java.version: '1.8.0_261'
Driver info: org.openqa.selenium.chrome.ChromeDriver
Command: [27d2accbb1ed416040ecaf47be8a54d9, findElement {using=xpath, value=//div[@class='select2-drop select2-display-none select2-with-searchbox select2-drop-active select2-drop-above']//parent::div//child::input}]
Capabilities {acceptInsecureCerts: false, browserName: chrome, browserVersion: 97.0.4692.71, chrome: {chromedriverVersion: 96.0.4664.45 (76e4c1bb2ab46..., userDataDir: C:\Users\SIVAGA~1\AppData\L...}, goog:chromeOptions: {debuggerAddress: localhost:57021}, javascriptEnabled: true, networkConnectionEnabled: false, pageLoadStrategy: normal, platform: WINDOWS, platformName: WINDOWS, proxy: Proxy(), se:cdp: ws://localhost:57021/devtoo..., se:cdpVersion: 97.0.4692.71, setWindowRect: true, strictFileInteractability: false, timeouts: {implicit: 0, pageLoad: 300000, script: 30000}, unhandledPromptBehavior: dismiss and notify, webauthn:extension:credBlob: true, webauthn:extension:largeBlob: true, webauthn:virtualAuthenticators: true}
Session ID: 27d2accbb1ed416040ecaf47be8a54d9
	at sun.reflect.NativeConstructorAccessorImpl.newInstance0(Native Method)
	at sun.reflect.NativeConstructorAccessorImpl.newInstance(Unknown Source)
	at sun.reflect.DelegatingConstructorAccessorImpl.newInstance(Unknown Source)
	at java.lang.reflect.Constructor.newInstance(Unknown Source)
	at org.openqa.selenium.remote.codec.w3c.W3CHttpResponseCodec.createException(W3CHttpResponseCodec.java:200)
	at org.openqa.selenium.remote.codec.w3c.W3CHttpResponseCodec.decode(W3CHttpResponseCodec.java:133)
	at org.openqa.selenium.remote.codec.w3c.W3CHttpResponseCodec.decode(W3CHttpResponseCodec.java:53)
	at org.openqa.selenium.remote.HttpCommandExecutor.execute(HttpCommandExecutor.java:184)
	at org.openqa.selenium.remote.service.DriverCommandExecutor.invokeExecute(DriverCommandExecutor.java:167)
	at org.openqa.selenium.remote.service.DriverCommandExecutor.execute(DriverCommandExecutor.java:142)
	at org.openqa.selenium.remote.RemoteWebDriver.execute(RemoteWebDriver.java:543)
	at org.openqa.selenium.remote.ElementLocation$ElementFinder$2.findElement(ElementLocation.java:162)
	at org.openqa.selenium.remote.ElementLocation.findElement(ElementLocation.java:60)
	at org.openqa.selenium.remote.RemoteWebDriver.findElement(RemoteWebDriver.java:367)
	at org.openqa.selenium.remote.RemoteWebDriver.findElement(RemoteWebDriver.java:359)
	at org.openqa.selenium.support.pagefactory.DefaultElementLocator.findElement(DefaultElementLocator.java:70)
	at org.openqa.selenium.support.pagefactory.internal.LocatingElementHandler.invoke(LocatingElementHandler.java:39)
	at com.sun.proxy.$Proxy14.clear(Unknown Source)
	at com.buffalocart.utility.PageUtilities.enterKey(PageUtilities.java:39)
	at com.buffalocart.pages.EventPage.addEvent(EventPage.java:133)
	at com.buffalocart.scripts.EventTestCase.addEventTestCase(EventTestCase.java:26)
	at sun.reflect.NativeMethodAccessorImpl.invoke0(Native Method)
	at sun.reflect.NativeMethodAccessorImpl.invoke(Unknown Source)
	at sun.reflect.DelegatingMethodAccessorImpl.invoke(Unknown Source)
	at java.lang.reflect.Method.invoke(Unknown Source)
	at org.testng.internal.MethodInvocationHelper.invokeMethod(MethodInvocationHelper.java:104)
	at org.testng.internal.Invoker.invokeMethod(Invoker.java:645)
	at org.testng.internal.Invoker.invokeTestMethod(Invoker.java:851)
	at org.testng.internal.Invoker.invokeTestMethods(Invoker.java:1177)
	at org.testng.internal.TestMethodWorker.invokeTestMethods(TestMethodWorker.java:129)
	at org.testng.internal.TestMethodWorker.run(TestMethodWorker.java:112)
	at org.testng.TestRunner.privateRun(TestRunner.java:756)
	at org.testng.TestRunner.run(TestRunner.java:610)
	at org.testng.SuiteRunner.runTest(SuiteRunner.java:387)
	at org.testng.SuiteRunner.runSequentially(SuiteRunner.java:382)
	at org.testng.SuiteRunner.privateRun(SuiteRunner.java:340)
	at org.testng.SuiteRunner.run(SuiteRunner.java:289)
	at org.testng.SuiteRunnerWorker.runSuite(SuiteRunnerWorker.java:52)
	at org.testng.SuiteRunnerWorker.run(SuiteRunnerWorker.java:86)
	at org.testng.TestNG.runSuitesSequentially(TestNG.java:1293)
	at org.testng.TestNG.runSuitesLocally(TestNG.java:1218)
	at org.testng.TestNG.runSuites(TestNG.java:1133)
	at org.testng.TestNG.run(TestNG.java:1104)
	at org.testng.remote.AbstractRemoteTestNG.run(AbstractRemoteTestNG.java:132)
	at org.testng.remote.RemoteTestNG.initAndRun(RemoteTestNG.java:236)
	at org.testng.remote.RemoteTestNG.main(RemoteTestNG.java:81)
]]>
            </full-stacktrace>
          </exception> <!-- org.openqa.selenium.NoSuchElementException -->
          <reporter-output>
          </reporter-output>
        </test-method> <!-- addEventTestCase -->
        <test-method status="PASS" signature="navigateEventForwardTestCase()[pri:0, instance:com.buffalocart.scripts.EventTestCase@53f65459]" name="navigateEventForwardTestCase" duration-ms="185" started-at="2022-01-27T09:16:40Z" finished-at="2022-01-27T09:16:40Z">
          <reporter-output>
          </reporter-output>
        </test-method> <!-- navigateEventForwardTestCase -->
        <test-method status="PASS" signature="navigateEventBackwardTestCase()[pri:0, instance:com.buffalocart.scripts.EventTestCase@53f65459]" name="navigateEventBackwardTestCase" duration-ms="155" started-at="2022-01-27T09:16:40Z" finished-at="2022-01-27T09:16:40Z">
          <reporter-output>
          </reporter-output>
        </test-method> <!-- navigateEventBackwardTestCase -->
        <test-method status="PASS" signature="eventWeekViewTestCase()[pri:0, instance:com.buffalocart.scripts.EventTestCase@53f65459]" name="eventWeekViewTestCase" duration-ms="146" started-at="2022-01-27T09:16:40Z" finished-at="2022-01-27T09:16:40Z">
          <reporter-output>
          </reporter-output>
        </test-method> <!-- eventWeekViewTestCase -->
        <test-method status="PASS" signature="eventDayViewTestCase()[pri:0, instance:com.buffalocart.scripts.EventTestCase@53f65459]" name="eventDayViewTestCase" duration-ms="120" started-at="2022-01-27T09:16:40Z" finished-at="2022-01-27T09:16:40Z">
          <reporter-output>
          </reporter-output>
        </test-method> <!-- eventDayViewTestCase -->
        <test-method status="PASS" signature="eventListViewTestCase()[pri:0, instance:com.buffalocart.scripts.EventTestCase@53f65459]" name="eventListViewTestCase" duration-ms="89" started-at="2022-01-27T09:16:40Z" finished-at="2022-01-27T09:16:40Z">
          <reporter-output>
          </reporter-output>
        </test-method> <!-- eventListViewTestCase -->
        <test-method status="PASS" signature="eventMonthViewTestCase()[pri:0, instance:com.buffalocart.scripts.EventTestCase@53f65459]" name="eventMonthViewTestCase" duration-ms="133" started-at="2022-01-27T09:16:40Z" finished-at="2022-01-27T09:16:40Z">
          <reporter-output>
          </reporter-output>
        </test-method> <!-- eventMonthViewTestCase -->
      </class> <!-- com.buffalocart.scripts.EventTestCase -->
      <class name="com.buffalocart.scripts.LogOutTestCase">
        <test-method status="PASS" signature="clockOutTestCase()[pri:0, instance:com.buffalocart.scripts.LogOutTestCase@74650e52]" name="clockOutTestCase" duration-ms="1725" started-at="2022-01-27T09:16:54Z" finished-at="2022-01-27T09:16:56Z">
          <reporter-output>
          </reporter-output>
        </test-method> <!-- clockOutTestCase -->
        <test-method status="PASS" signature="logOutTestCase()[pri:0, instance:com.buffalocart.scripts.LogOutTestCase@74650e52]" name="logOutTestCase" duration-ms="1211" started-at="2022-01-27T09:16:56Z" finished-at="2022-01-27T09:16:57Z">
          <reporter-output>
          </reporter-output>
        </test-method> <!-- logOutTestCase -->
      </class> <!-- com.buffalocart.scripts.LogOutTestCase -->
    </test> <!-- Test -->
  </suite> <!-- Suite -->
</testng-results>
