<?xml version="1.0" encoding="UTF-8"?>
<!-- Generated by org.testng.reporters.JUnitReportReporter -->
<testsuite name="com.buffalocart.scripts.TaskTestCase" tests="1" time="1.119" ignored="6" failures="0" timestamp="27 Jan 2022 17:16:58 GMT" skipped="0" hostname="DESKTOP-69RSGN8" errors="1">
  <testcase name="verifyTask" time="1.119" classname="com.buffalocart.scripts.TaskTestCase">
    <error type="org.openqa.selenium.ElementClickInterceptedException" message="element click intercepted: Element &lt;a href=&quot;http://buffalocart.com/demo/crm/index.php/projects/all_tasks&quot;&gt;...&lt;/a&gt; is not clickable at point (125, 273). Other element would receive the click: &lt;div id=&quot;select2-drop-mask&quot; class=&quot;select2-drop-mask&quot; style=&quot;&quot;&gt;&lt;/div&gt;
  (Session info: chrome=97.0.4692.71)
Build info: version: &#039;4.1.0&#039;, revision: &#039;87802e897b&#039;
System info: host: &#039;DESKTOP-69RSGN8&#039;, ip: &#039;192.168.43.195&#039;, os.name: &#039;Windows 10&#039;, os.arch: &#039;amd64&#039;, os.version: &#039;10.0&#039;, java.version: &#039;1.8.0_261&#039;
Driver info: org.openqa.selenium.chrome.ChromeDriver
Command: [27d2accbb1ed416040ecaf47be8a54d9, clickElement {id=54d9c60c-f6e3-4d19-95b6-61427c888b59}]
Capabilities {acceptInsecureCerts: false, browserName: chrome, browserVersion: 97.0.4692.71, chrome: {chromedriverVersion: 96.0.4664.45 (76e4c1bb2ab46..., userDataDir: C:\Users\SIVAGA~1\AppData\L...}, goog:chromeOptions: {debuggerAddress: localhost:57021}, javascriptEnabled: true, networkConnectionEnabled: false, pageLoadStrategy: normal, platform: WINDOWS, platformName: WINDOWS, proxy: Proxy(), se:cdp: ws://localhost:57021/devtoo..., se:cdpVersion: 97.0.4692.71, setWindowRect: true, strictFileInteractability: false, timeouts: {implicit: 0, pageLoad: 300000, script: 30000}, unhandledPromptBehavior: dismiss and notify, webauthn:extension:credBlob: true, webauthn:extension:largeBlob: true, webauthn:virtualAuthenticators: true}
Element: [[ChromeDriver: chrome on WINDOWS (27d2accbb1ed416040ecaf47be8a54d9)] -&gt; xpath: //a[@href=&#039;http://buffalocart.com/demo/crm/index.php/projects/all_tasks&#039;]]
Session ID: 27d2accbb1ed416040ecaf47be8a54d9">
      <![CDATA[org.openqa.selenium.ElementClickInterceptedException: element click intercepted: Element <a href="http://buffalocart.com/demo/crm/index.php/projects/all_tasks">...</a> is not clickable at point (125, 273). Other element would receive the click: <div id="select2-drop-mask" class="select2-drop-mask" style=""></div>
  (Session info: chrome=97.0.4692.71)
Build info: version: '4.1.0', revision: '87802e897b'
System info: host: 'DESKTOP-69RSGN8', ip: '192.168.43.195', os.name: 'Windows 10', os.arch: 'amd64', os.version: '10.0', java.version: '1.8.0_261'
Driver info: org.openqa.selenium.chrome.ChromeDriver
Command: [27d2accbb1ed416040ecaf47be8a54d9, clickElement {id=54d9c60c-f6e3-4d19-95b6-61427c888b59}]
Capabilities {acceptInsecureCerts: false, browserName: chrome, browserVersion: 97.0.4692.71, chrome: {chromedriverVersion: 96.0.4664.45 (76e4c1bb2ab46..., userDataDir: C:\Users\SIVAGA~1\AppData\L...}, goog:chromeOptions: {debuggerAddress: localhost:57021}, javascriptEnabled: true, networkConnectionEnabled: false, pageLoadStrategy: normal, platform: WINDOWS, platformName: WINDOWS, proxy: Proxy(), se:cdp: ws://localhost:57021/devtoo..., se:cdpVersion: 97.0.4692.71, setWindowRect: true, strictFileInteractability: false, timeouts: {implicit: 0, pageLoad: 300000, script: 30000}, unhandledPromptBehavior: dismiss and notify, webauthn:extension:credBlob: true, webauthn:extension:largeBlob: true, webauthn:virtualAuthenticators: true}
Element: [[ChromeDriver: chrome on WINDOWS (27d2accbb1ed416040ecaf47be8a54d9)] -> xpath: //a[@href='http://buffalocart.com/demo/crm/index.php/projects/all_tasks']]
Session ID: 27d2accbb1ed416040ecaf47be8a54d9
	at sun.reflect.NativeConstructorAccessorImpl.newInstance0(Native Method)
	at sun.reflect.NativeConstructorAccessorImpl.newInstance(Unknown Source)
	at sun.reflect.DelegatingConstructorAccessorImpl.newInstance(Unknown Source)
	at java.lang.reflect.Constructor.newInstance(Unknown Source)
	at org.openqa.selenium.remote.codec.w3c.W3CHttpResponseCodec.createException(W3CHttpResponseCodec.java:200)
	at org.openqa.selenium.remote.codec.w3c.W3CHttpResponseCodec.decode(W3CHttpResponseCodec.java:133)
	at org.openqa.selenium.remote.codec.w3c.W3CHttpResponseCodec.decode(W3CHttpResponseCodec.java:53)
	at org.openqa.selenium.remote.HttpCommandExecutor.execute(HttpCommandExecutor.java:184)
	at org.openqa.selenium.remote.service.DriverCommandExecutor.invokeExecute(DriverCommandExecutor.java:167)
	at org.openqa.selenium.remote.service.DriverCommandExecutor.execute(DriverCommandExecutor.java:142)
	at org.openqa.selenium.remote.RemoteWebDriver.execute(RemoteWebDriver.java:543)
	at org.openqa.selenium.remote.RemoteWebElement.execute(RemoteWebElement.java:251)
	at org.openqa.selenium.remote.RemoteWebElement.click(RemoteWebElement.java:77)
	at sun.reflect.NativeMethodAccessorImpl.invoke0(Native Method)
	at sun.reflect.NativeMethodAccessorImpl.invoke(Unknown Source)
	at sun.reflect.DelegatingMethodAccessorImpl.invoke(Unknown Source)
	at java.lang.reflect.Method.invoke(Unknown Source)
	at org.openqa.selenium.support.pagefactory.internal.LocatingElementHandler.invoke(LocatingElementHandler.java:52)
	at com.sun.proxy.$Proxy14.click(Unknown Source)
	at com.buffalocart.pages.TaskPage.clickTask(TaskPage.java:22)
	at com.buffalocart.scripts.TaskTestCase.verifyTask(TaskTestCase.java:12)
	at sun.reflect.NativeMethodAccessorImpl.invoke0(Native Method)
	at sun.reflect.NativeMethodAccessorImpl.invoke(Unknown Source)
	at sun.reflect.DelegatingMethodAccessorImpl.invoke(Unknown Source)
	at java.lang.reflect.Method.invoke(Unknown Source)
	at org.testng.internal.MethodInvocationHelper.invokeMethod(MethodInvocationHelper.java:104)
	at org.testng.internal.Invoker.invokeMethod(Invoker.java:645)
	at org.testng.internal.Invoker.invokeTestMethod(Invoker.java:851)
	at org.testng.internal.Invoker.invokeTestMethods(Invoker.java:1177)
	at org.testng.internal.TestMethodWorker.invokeTestMethods(TestMethodWorker.java:129)
	at org.testng.internal.TestMethodWorker.run(TestMethodWorker.java:112)
	at org.testng.TestRunner.privateRun(TestRunner.java:756)
	at org.testng.TestRunner.run(TestRunner.java:610)
	at org.testng.SuiteRunner.runTest(SuiteRunner.java:387)
	at org.testng.SuiteRunner.runSequentially(SuiteRunner.java:382)
	at org.testng.SuiteRunner.privateRun(SuiteRunner.java:340)
	at org.testng.SuiteRunner.run(SuiteRunner.java:289)
	at org.testng.SuiteRunnerWorker.runSuite(SuiteRunnerWorker.java:52)
	at org.testng.SuiteRunnerWorker.run(SuiteRunnerWorker.java:86)
	at org.testng.TestNG.runSuitesSequentially(TestNG.java:1293)
	at org.testng.TestNG.runSuitesLocally(TestNG.java:1218)
	at org.testng.TestNG.runSuites(TestNG.java:1133)
	at org.testng.TestNG.run(TestNG.java:1104)
	at org.testng.remote.AbstractRemoteTestNG.run(AbstractRemoteTestNG.java:132)
	at org.testng.remote.RemoteTestNG.initAndRun(RemoteTestNG.java:236)
	at org.testng.remote.RemoteTestNG.main(RemoteTestNG.java:81)
]]>
    </error>
  </testcase> <!-- verifyTask -->
  <testcase name="setUpBrowser" classname="com.buffalocart.scripts.TestBase">
    <skipped/>
  </testcase> <!-- setUpBrowser -->
  <testcase name="setUpBrowser" classname="com.buffalocart.scripts.TestBase">
    <skipped/>
  </testcase> <!-- setUpBrowser -->
  <testcase name="setUpBrowser" classname="com.buffalocart.scripts.TestBase">
    <skipped/>
  </testcase> <!-- setUpBrowser -->
  <testcase name="setUpBrowser" classname="com.buffalocart.scripts.TestBase">
    <skipped/>
  </testcase> <!-- setUpBrowser -->
  <testcase name="setUpBrowser" classname="com.buffalocart.scripts.TestBase">
    <skipped/>
  </testcase> <!-- setUpBrowser -->
  <testcase name="setUpBrowser" classname="com.buffalocart.scripts.TestBase">
    <skipped/>
  </testcase> <!-- setUpBrowser -->
</testsuite> <!-- com.buffalocart.scripts.TaskTestCase -->
