<?xml version="1.0" encoding="UTF-8"?>
<!-- Generated by org.testng.reporters.JUnitXMLReporter -->
<testsuite hostname="DESKTOP-69RSGN8" ignored="0" name="ChromeTest" tests="8" failures="1" timestamp="27 Jan 2022 05:03:28 GMT" time="67.147" errors="0">
  <testcase name="testcase01verifyTitle" time="0.018" classname="com.buffalocart.scripts.TestClass"/>
  <testcase name="testcase02verifyUsername" time="3.221" classname="com.buffalocart.scripts.TestClass"/>
  <testcase name="testcase03Invalidpassword" time="2.165" classname="com.buffalocart.scripts.TestClass"/>
  <testcase name="testcase04Invalidusernamepassword" time="2.454" classname="com.buffalocart.scripts.TestClass"/>
  <testcase name="testcase05verifyLogin" time="5.106" classname="com.buffalocart.scripts.TestClass"/>
  <testcase name="testcase06verifyUrl" time="0.043" classname="com.buffalocart.scripts.TestClass"/>
  <testcase name="testcase07verifyHomeTitle" time="0.089" classname="com.buffalocart.scripts.TestClass"/>
  <testcase name="testcase08Team" time="11.483" classname="com.buffalocart.scripts.TestClass">
    <failure type="org.openqa.selenium.ElementNotInteractableException" message="element not interactable
  (Session info: chrome=97.0.4692.71)
Build info: version: &amp;apos;4.1.0&amp;apos;, revision: &amp;apos;87802e897b&amp;apos;
System info: host: &amp;apos;DESKTOP-69RSGN8&amp;apos;, ip: &amp;apos;192.168.43.124&amp;apos;, os.name: &amp;apos;Windows 10&amp;apos;, os.arch: &amp;apos;amd64&amp;apos;, os.version: &amp;apos;10.0&amp;apos;, java.version: &amp;apos;1.8.0_261&amp;apos;
Driver info: org.openqa.selenium.chrome.ChromeDriver
Command: [a61e09e86d274f933234f14a7828de59, clickElement {id=9b9153b7-3919-477a-952b-d4540a381a84}]
Capabilities {acceptInsecureCerts: false, browserName: chrome, browserVersion: 97.0.4692.71, chrome: {chromedriverVersion: 96.0.4664.45 (76e4c1bb2ab46..., userDataDir: C:\Users\SIVAGA~1\AppData\L...}, goog:chromeOptions: {debuggerAddress: localhost:60009}, javascriptEnabled: true, networkConnectionEnabled: false, pageLoadStrategy: normal, platform: WINDOWS, platformName: WINDOWS, proxy: Proxy(), se:cdp: ws://localhost:60009/devtoo..., se:cdpVersion: 97.0.4692.71, setWindowRect: true, strictFileInteractability: false, timeouts: {implicit: 0, pageLoad: 300000, script: 30000}, unhandledPromptBehavior: dismiss and notify, webauthn:extension:credBlob: true, webauthn:extension:largeBlob: true, webauthn:virtualAuthenticators: true}
Element: [[ChromeDriver: chrome on WINDOWS (a61e09e86d274f933234f14a7828de59)] -&amp;gt; xpath: //*[@id=&amp;quot;sidebar-menu&amp;quot;]/li[11]/ul/li[1]/a]
Session ID: a61e09e86d274f933234f14a7828de59">
      <![CDATA[org.openqa.selenium.ElementNotInteractableException: element not interactable
  (Session info: chrome=97.0.4692.71)
Build info: version: '4.1.0', revision: '87802e897b'
System info: host: 'DESKTOP-69RSGN8', ip: '192.168.43.124', os.name: 'Windows 10', os.arch: 'amd64', os.version: '10.0', java.version: '1.8.0_261'
Driver info: org.openqa.selenium.chrome.ChromeDriver
Command: [a61e09e86d274f933234f14a7828de59, clickElement {id=9b9153b7-3919-477a-952b-d4540a381a84}]
Capabilities {acceptInsecureCerts: false, browserName: chrome, browserVersion: 97.0.4692.71, chrome: {chromedriverVersion: 96.0.4664.45 (76e4c1bb2ab46..., userDataDir: C:\Users\SIVAGA~1\AppData\L...}, goog:chromeOptions: {debuggerAddress: localhost:60009}, javascriptEnabled: true, networkConnectionEnabled: false, pageLoadStrategy: normal, platform: WINDOWS, platformName: WINDOWS, proxy: Proxy(), se:cdp: ws://localhost:60009/devtoo..., se:cdpVersion: 97.0.4692.71, setWindowRect: true, strictFileInteractability: false, timeouts: {implicit: 0, pageLoad: 300000, script: 30000}, unhandledPromptBehavior: dismiss and notify, webauthn:extension:credBlob: true, webauthn:extension:largeBlob: true, webauthn:virtualAuthenticators: true}
Element: [[ChromeDriver: chrome on WINDOWS (a61e09e86d274f933234f14a7828de59)] -> xpath: //*[@id="sidebar-menu"]/li[11]/ul/li[1]/a]
Session ID: a61e09e86d274f933234f14a7828de59
	at org.openqa.selenium.remote.codec.w3c.W3CHttpResponseCodec.createException(W3CHttpResponseCodec.java:200)
	at org.openqa.selenium.remote.codec.w3c.W3CHttpResponseCodec.decode(W3CHttpResponseCodec.java:133)
	at org.openqa.selenium.remote.codec.w3c.W3CHttpResponseCodec.decode(W3CHttpResponseCodec.java:53)
	at org.openqa.selenium.remote.HttpCommandExecutor.execute(HttpCommandExecutor.java:184)
	at org.openqa.selenium.remote.service.DriverCommandExecutor.invokeExecute(DriverCommandExecutor.java:167)
	at org.openqa.selenium.remote.service.DriverCommandExecutor.execute(DriverCommandExecutor.java:142)
	at org.openqa.selenium.remote.RemoteWebDriver.execute(RemoteWebDriver.java:543)
	at org.openqa.selenium.remote.RemoteWebElement.execute(RemoteWebElement.java:251)
	at org.openqa.selenium.remote.RemoteWebElement.click(RemoteWebElement.java:77)
	at org.openqa.selenium.support.pagefactory.internal.LocatingElementHandler.invoke(LocatingElementHandler.java:52)
	at com.sun.proxy.$Proxy15.click(Unknown Source)
	at com.buffalocart.pages.TeamPage.clickTeam(TeamPage.java:79)
	at com.buffalocart.scripts.TestClass.testcase08Team(TestClass.java:111)
... Removed 33 stack frames]]>
    </failure>
  </testcase> <!-- testcase08Team -->
</testsuite> <!-- ChromeTest -->
